<?xml version="1.0" encoding="UTF-8"?>
<!-- Generated by org.testng.reporters.JUnitXMLReporter -->
<testsuite ignored="0" hostname="DESKTOP-2RNHNVL" failures="1" tests="4" name="Test" time="26.345" errors="0" timestamp="2023-07-08T22:13:58 BDT">
  <testcase classname="com.test.lamda.test_case.RegistrationTest" name="loginTest" time="6.038"/>
  <testcase classname="com.test.lamda.test_case.LoginTest" name="Logout" time="11.657"/>
  <testcase classname="com.test.lamda.test_case.HomeTest" name="Home" time="0.319"/>
  <testcase classname="com.test.lamda.test_case.ShopByCategoryTest" name="BuyProduct" time="8.286">
    <failure type="org.openqa.selenium.ElementClickInterceptedException" message="element click intercepted: Element &amp;lt;button class=&amp;quot;btn btn-wishlist wishlist-40 &amp;quot; title=&amp;quot;Add to Wish List&amp;quot; onclick=&amp;quot;wishlist.add(&amp;apos;40&amp;apos;, this);&amp;quot; data-wishlist=&amp;quot;&amp;quot;&amp;gt;...&amp;lt;/button&amp;gt; is not clickable at point (1379, 566). Other element would receive the click: &amp;lt;div class=&amp;quot;product-layout product-grid no-desc col-xl-4 col-lg-4 col-md-4 col-sm-6 col-6&amp;quot;&amp;gt;...&amp;lt;/div&amp;gt;
  (Session info: chrome=114.0.5735.199)
Build info: version: &amp;apos;4.10.0&amp;apos;, revision: &amp;apos;c14d967899&amp;apos;
System info: os.name: &amp;apos;Windows 10&amp;apos;, os.arch: &amp;apos;amd64&amp;apos;, os.version: &amp;apos;10.0&amp;apos;, java.version: &amp;apos;17.0.6&amp;apos;
Driver info: org.openqa.selenium.chrome.ChromeDriver
Command: [61b15decd7a39bab8c2ccdb49123145b, clickElement {id=086DAF6C606D80E63F6E4329B463F3BF_element_257}]
Capabilities {acceptInsecureCerts: false, browserName: chrome, browserVersion: 114.0.5735.199, chrome: {chromedriverVersion: 114.0.5735.90 (386bc09e8f4f..., userDataDir: C:\Users\MR39F3~1.TEC\AppDa...}, goog:chromeOptions: {debuggerAddress: localhost:51582}, networkConnectionEnabled: false, pageLoadStrategy: normal, platformName: windows, proxy: Proxy(), se:cdp: ws://localhost:51582/devtoo..., se:cdpVersion: 114.0.5735.199, setWindowRect: true, strictFileInteractability: false, timeouts: {implicit: 0, pageLoad: 300000, script: 30000}, unhandledPromptBehavior: dismiss and notify, webauthn:extension:credBlob: true, webauthn:extension:largeBlob: true, webauthn:extension:minPinLength: true, webauthn:extension:prf: true, webauthn:virtualAuthenticators: true}
Element: [[ChromeDriver: chrome on windows (61b15decd7a39bab8c2ccdb49123145b)] -&amp;gt; xpath: //button[@title=&amp;apos;Add to Wish List&amp;apos;]]
Session ID: 61b15decd7a39bab8c2ccdb49123145b">
      <![CDATA[org.openqa.selenium.ElementClickInterceptedException: element click intercepted: Element <button class="btn btn-wishlist wishlist-40 " title="Add to Wish List" onclick="wishlist.add('40', this);" data-wishlist="">...</button> is not clickable at point (1379, 566). Other element would receive the click: <div class="product-layout product-grid no-desc col-xl-4 col-lg-4 col-md-4 col-sm-6 col-6">...</div>
  (Session info: chrome=114.0.5735.199)
Build info: version: '4.10.0', revision: 'c14d967899'
System info: os.name: 'Windows 10', os.arch: 'amd64', os.version: '10.0', java.version: '17.0.6'
Driver info: org.openqa.selenium.chrome.ChromeDriver
Command: [61b15decd7a39bab8c2ccdb49123145b, clickElement {id=086DAF6C606D80E63F6E4329B463F3BF_element_257}]
Capabilities {acceptInsecureCerts: false, browserName: chrome, browserVersion: 114.0.5735.199, chrome: {chromedriverVersion: 114.0.5735.90 (386bc09e8f4f..., userDataDir: C:\Users\MR39F3~1.TEC\AppDa...}, goog:chromeOptions: {debuggerAddress: localhost:51582}, networkConnectionEnabled: false, pageLoadStrategy: normal, platformName: windows, proxy: Proxy(), se:cdp: ws://localhost:51582/devtoo..., se:cdpVersion: 114.0.5735.199, setWindowRect: true, strictFileInteractability: false, timeouts: {implicit: 0, pageLoad: 300000, script: 30000}, unhandledPromptBehavior: dismiss and notify, webauthn:extension:credBlob: true, webauthn:extension:largeBlob: true, webauthn:extension:minPinLength: true, webauthn:extension:prf: true, webauthn:virtualAuthenticators: true}
Element: [[ChromeDriver: chrome on windows (61b15decd7a39bab8c2ccdb49123145b)] -> xpath: //button[@title='Add to Wish List']]
Session ID: 61b15decd7a39bab8c2ccdb49123145b
at org.openqa.selenium.remote.codec.w3c.W3CHttpResponseCodec.createException(W3CHttpResponseCodec.java:199)
at org.openqa.selenium.remote.codec.w3c.W3CHttpResponseCodec.decode(W3CHttpResponseCodec.java:132)
at org.openqa.selenium.remote.codec.w3c.W3CHttpResponseCodec.decode(W3CHttpResponseCodec.java:51)
at org.openqa.selenium.remote.HttpCommandExecutor.execute(HttpCommandExecutor.java:191)
at org.openqa.selenium.remote.service.DriverCommandExecutor.invokeExecute(DriverCommandExecutor.java:196)
at org.openqa.selenium.remote.service.DriverCommandExecutor.execute(DriverCommandExecutor.java:171)
at org.openqa.selenium.remote.RemoteWebDriver.execute(RemoteWebDriver.java:531)
at org.openqa.selenium.remote.RemoteWebElement.execute(RemoteWebElement.java:242)
at org.openqa.selenium.remote.RemoteWebElement.click(RemoteWebElement.java:77)
at com.test.lamda.pages.ShopByCategoryPage.SelectProduct(ShopByCategoryPage.java:78)
at com.test.lamda.test_case.ShopByCategoryTest.BuyProduct(ShopByCategoryTest.java:16)
at java.base/java.util.ArrayList.forEach(ArrayList.java:1511)
... Removed 32 stack frames]]>
    </failure>
  </testcase> <!-- BuyProduct -->
</testsuite> <!-- Test -->
