<?xml version="1.0" encoding="UTF-8"?>
<testng-results ignored="0" total="4" passed="3" failed="1" skipped="0">
  <reporter-output>
  </reporter-output>
  <suite started-at="2023-07-08T22:13:31 BDT" name="Suite_Lamda_Demo" finished-at="2023-07-08T22:13:58 BDT" duration-ms="26345">
    <groups>
    </groups>
    <test started-at="2023-07-08T22:13:31 BDT" name="Test" finished-at="2023-07-08T22:13:58 BDT" duration-ms="26345">
      <class name="com.test.lamda.test_case.HomeTest">
        <test-method signature="Home()[pri:0, instance:com.test.lamda.test_case.HomeTest@7161d8d1]" started-at="2023-07-08T22:13:49 BDT" name="Home" finished-at="2023-07-08T22:13:49 BDT" duration-ms="319" status="PASS">
          <reporter-output>
          </reporter-output>
        </test-method> <!-- Home -->
      </class> <!-- com.test.lamda.test_case.HomeTest -->
      <class name="com.test.lamda.test_case.LoginTest">
        <test-method signature="Logout()[pri:0, instance:com.test.lamda.test_case.LoginTest@74d1dc36]" started-at="2023-07-08T22:13:37 BDT" name="Logout" finished-at="2023-07-08T22:13:49 BDT" duration-ms="11657" status="PASS">
          <reporter-output>
          </reporter-output>
        </test-method> <!-- Logout -->
      </class> <!-- com.test.lamda.test_case.LoginTest -->
      <class name="com.test.lamda.test_case.RegistrationTest">
        <test-method is-config="true" signature="start()[pri:0, instance:com.test.lamda.test_case.RegistrationTest@3e27ba32]" started-at="2023-07-08T22:13:21 BDT" name="start" finished-at="2023-07-08T22:13:23 BDT" duration-ms="2656" status="PASS">
          <reporter-output>
          </reporter-output>
        </test-method> <!-- start -->
        <test-method is-config="true" signature="openUrl()[pri:0, instance:com.test.lamda.test_case.RegistrationTest@3e27ba32]" started-at="2023-07-08T22:13:23 BDT" name="openUrl" finished-at="2023-07-08T22:13:31 BDT" depends-on-methods="com.test.lamda.drivers.BaseDriver.start" duration-ms="8007" status="PASS">
          <reporter-output>
          </reporter-output>
        </test-method> <!-- openUrl -->
        <test-method signature="loginTest()[pri:0, instance:com.test.lamda.test_case.RegistrationTest@3e27ba32]" started-at="2023-07-08T22:13:31 BDT" name="loginTest" finished-at="2023-07-08T22:13:37 BDT" duration-ms="6038" status="PASS">
          <reporter-output>
          </reporter-output>
        </test-method> <!-- loginTest -->
        <test-method is-config="true" signature="close()[pri:0, instance:com.test.lamda.test_case.RegistrationTest@3e27ba32]" started-at="2023-07-08T22:13:58 BDT" name="close" finished-at="2023-07-08T22:13:58 BDT" duration-ms="243" status="PASS">
          <reporter-output>
          </reporter-output>
        </test-method> <!-- close -->
      </class> <!-- com.test.lamda.test_case.RegistrationTest -->
      <class name="com.test.lamda.test_case.ShopByCategoryTest">
        <test-method signature="BuyProduct()[pri:0, instance:com.test.lamda.test_case.ShopByCategoryTest@74e28667]" started-at="2023-07-08T22:13:49 BDT" name="BuyProduct" finished-at="2023-07-08T22:13:58 BDT" duration-ms="8286" status="FAIL">
          <exception class="org.openqa.selenium.ElementClickInterceptedException">
            <message>
              <![CDATA[element click intercepted: Element <button class="btn btn-wishlist wishlist-40 " title="Add to Wish List" onclick="wishlist.add('40', this);" data-wishlist="">...</button> is not clickable at point (1379, 566). Other element would receive the click: <div class="product-layout product-grid no-desc col-xl-4 col-lg-4 col-md-4 col-sm-6 col-6">...</div>
  (Session info: chrome=114.0.5735.199)
Build info: version: '4.10.0', revision: 'c14d967899'
System info: os.name: 'Windows 10', os.arch: 'amd64', os.version: '10.0', java.version: '17.0.6'
Driver info: org.openqa.selenium.chrome.ChromeDriver
Command: [61b15decd7a39bab8c2ccdb49123145b, clickElement {id=086DAF6C606D80E63F6E4329B463F3BF_element_257}]
Capabilities {acceptInsecureCerts: false, browserName: chrome, browserVersion: 114.0.5735.199, chrome: {chromedriverVersion: 114.0.5735.90 (386bc09e8f4f..., userDataDir: C:\Users\MR39F3~1.TEC\AppDa...}, goog:chromeOptions: {debuggerAddress: localhost:51582}, networkConnectionEnabled: false, pageLoadStrategy: normal, platformName: windows, proxy: Proxy(), se:cdp: ws://localhost:51582/devtoo..., se:cdpVersion: 114.0.5735.199, setWindowRect: true, strictFileInteractability: false, timeouts: {implicit: 0, pageLoad: 300000, script: 30000}, unhandledPromptBehavior: dismiss and notify, webauthn:extension:credBlob: true, webauthn:extension:largeBlob: true, webauthn:extension:minPinLength: true, webauthn:extension:prf: true, webauthn:virtualAuthenticators: true}
Element: [[ChromeDriver: chrome on windows (61b15decd7a39bab8c2ccdb49123145b)] -> xpath: //button[@title='Add to Wish List']]
Session ID: 61b15decd7a39bab8c2ccdb49123145b]]>
            </message>
            <full-stacktrace>
              <![CDATA[org.openqa.selenium.ElementClickInterceptedException: element click intercepted: Element <button class="btn btn-wishlist wishlist-40 " title="Add to Wish List" onclick="wishlist.add('40', this);" data-wishlist="">...</button> is not clickable at point (1379, 566). Other element would receive the click: <div class="product-layout product-grid no-desc col-xl-4 col-lg-4 col-md-4 col-sm-6 col-6">...</div>
  (Session info: chrome=114.0.5735.199)
Build info: version: '4.10.0', revision: 'c14d967899'
System info: os.name: 'Windows 10', os.arch: 'amd64', os.version: '10.0', java.version: '17.0.6'
Driver info: org.openqa.selenium.chrome.ChromeDriver
Command: [61b15decd7a39bab8c2ccdb49123145b, clickElement {id=086DAF6C606D80E63F6E4329B463F3BF_element_257}]
Capabilities {acceptInsecureCerts: false, browserName: chrome, browserVersion: 114.0.5735.199, chrome: {chromedriverVersion: 114.0.5735.90 (386bc09e8f4f..., userDataDir: C:\Users\MR39F3~1.TEC\AppDa...}, goog:chromeOptions: {debuggerAddress: localhost:51582}, networkConnectionEnabled: false, pageLoadStrategy: normal, platformName: windows, proxy: Proxy(), se:cdp: ws://localhost:51582/devtoo..., se:cdpVersion: 114.0.5735.199, setWindowRect: true, strictFileInteractability: false, timeouts: {implicit: 0, pageLoad: 300000, script: 30000}, unhandledPromptBehavior: dismiss and notify, webauthn:extension:credBlob: true, webauthn:extension:largeBlob: true, webauthn:extension:minPinLength: true, webauthn:extension:prf: true, webauthn:virtualAuthenticators: true}
Element: [[ChromeDriver: chrome on windows (61b15decd7a39bab8c2ccdb49123145b)] -> xpath: //button[@title='Add to Wish List']]
Session ID: 61b15decd7a39bab8c2ccdb49123145b
at java.base/jdk.internal.reflect.NativeConstructorAccessorImpl.newInstance0(Native Method)
at java.base/jdk.internal.reflect.NativeConstructorAccessorImpl.newInstance(NativeConstructorAccessorImpl.java:77)
at java.base/jdk.internal.reflect.DelegatingConstructorAccessorImpl.newInstance(DelegatingConstructorAccessorImpl.java:45)
at java.base/java.lang.reflect.Constructor.newInstanceWithCaller(Constructor.java:499)
at java.base/java.lang.reflect.Constructor.newInstance(Constructor.java:480)
at org.openqa.selenium.remote.codec.w3c.W3CHttpResponseCodec.createException(W3CHttpResponseCodec.java:199)
at org.openqa.selenium.remote.codec.w3c.W3CHttpResponseCodec.decode(W3CHttpResponseCodec.java:132)
at org.openqa.selenium.remote.codec.w3c.W3CHttpResponseCodec.decode(W3CHttpResponseCodec.java:51)
at org.openqa.selenium.remote.HttpCommandExecutor.execute(HttpCommandExecutor.java:191)
at org.openqa.selenium.remote.service.DriverCommandExecutor.invokeExecute(DriverCommandExecutor.java:196)
at org.openqa.selenium.remote.service.DriverCommandExecutor.execute(DriverCommandExecutor.java:171)
at org.openqa.selenium.remote.RemoteWebDriver.execute(RemoteWebDriver.java:531)
at org.openqa.selenium.remote.RemoteWebElement.execute(RemoteWebElement.java:242)
at org.openqa.selenium.remote.RemoteWebElement.click(RemoteWebElement.java:77)
at com.test.lamda.pages.ShopByCategoryPage.SelectProduct(ShopByCategoryPage.java:78)
at com.test.lamda.test_case.ShopByCategoryTest.BuyProduct(ShopByCategoryTest.java:16)
at java.base/jdk.internal.reflect.NativeMethodAccessorImpl.invoke0(Native Method)
at java.base/jdk.internal.reflect.NativeMethodAccessorImpl.invoke(NativeMethodAccessorImpl.java:77)
at java.base/jdk.internal.reflect.DelegatingMethodAccessorImpl.invoke(DelegatingMethodAccessorImpl.java:43)
at java.base/java.lang.reflect.Method.invoke(Method.java:568)
at org.testng.internal.invokers.MethodInvocationHelper.invokeMethod(MethodInvocationHelper.java:139)
at org.testng.internal.invokers.TestInvoker.invokeMethod(TestInvoker.java:677)
at org.testng.internal.invokers.TestInvoker.invokeTestMethod(TestInvoker.java:221)
at org.testng.internal.invokers.MethodRunner.runInSequence(MethodRunner.java:50)
at org.testng.internal.invokers.TestInvoker$MethodInvocationAgent.invoke(TestInvoker.java:969)
at org.testng.internal.invokers.TestInvoker.invokeTestMethods(TestInvoker.java:194)
at org.testng.internal.invokers.TestMethodWorker.invokeTestMethods(TestMethodWorker.java:148)
at org.testng.internal.invokers.TestMethodWorker.run(TestMethodWorker.java:128)
at java.base/java.util.ArrayList.forEach(ArrayList.java:1511)
at org.testng.TestRunner.privateRun(TestRunner.java:829)
at org.testng.TestRunner.run(TestRunner.java:602)
at org.testng.SuiteRunner.runTest(SuiteRunner.java:437)
at org.testng.SuiteRunner.runSequentially(SuiteRunner.java:431)
at org.testng.SuiteRunner.privateRun(SuiteRunner.java:391)
at org.testng.SuiteRunner.run(SuiteRunner.java:330)
at org.testng.SuiteRunnerWorker.runSuite(SuiteRunnerWorker.java:52)
at org.testng.SuiteRunnerWorker.run(SuiteRunnerWorker.java:95)
at org.testng.TestNG.runSuitesSequentially(TestNG.java:1256)
at org.testng.TestNG.runSuitesLocally(TestNG.java:1176)
at org.testng.TestNG.runSuites(TestNG.java:1099)
at org.testng.TestNG.run(TestNG.java:1067)
at org.testng.remote.AbstractRemoteTestNG.run(AbstractRemoteTestNG.java:115)
at org.testng.remote.RemoteTestNG.initAndRun(RemoteTestNG.java:251)
at org.testng.remote.RemoteTestNG.main(RemoteTestNG.java:77)
]]>
            </full-stacktrace>
          </exception> <!-- org.openqa.selenium.ElementClickInterceptedException -->
          <reporter-output>
          </reporter-output>
        </test-method> <!-- BuyProduct -->
      </class> <!-- com.test.lamda.test_case.ShopByCategoryTest -->
    </test> <!-- Test -->
  </suite> <!-- Suite_Lamda_Demo -->
</testng-results>
